<?xml version="1.0" encoding="UTF-8"?>
<!-- Generated by org.testng.reporters.JUnitReportReporter -->
<testsuite skipped="0" hostname="Vinods-MacBook-Pro.local" name="apiTesting.com.test.apiTest.WheatherGetRequest" tests="2" failures="0" timestamp="11 Dec 2017 00:11:12 GMT" time="1.835" errors="0">
  <testcase name="Test_01" time="1.355" classname="apiTesting.com.test.apiTest.WheatherGetRequest"/>
  <testcase name="Test_02" time="0.480" classname="apiTesting.com.test.apiTest.WheatherGetRequest"/>
</testsuite> <!-- apiTesting.com.test.apiTest.WheatherGetRequest -->
